<?xml version="1.0" encoding="UTF-8"?>
<!-- Generated by org.testng.reporters.JUnitReportReporter -->
<testsuite hostname="DESKTOP-M8MGTVJ" failures="0" tests="2" name="tests.InitialTest" time="19.236" errors="0" timestamp="2020-11-07T12:44:20 IST" skipped="0">
  <testcase classname="tests.InitialTest" name="testBasicHomePageDataValidation" time="0.444"/>
  <system-out/>
  <testcase classname="tests.InitialTest" name="testSearchFunctionality" time="18.792"/>
  <system-out/>
</testsuite> <!-- tests.InitialTest -->
