<?xml version="1.0" encoding="UTF-8"?>
<!-- Generated by org.testng.reporters.JUnitReportReporter -->
<testsuite hostname="DESKTOP-M8MGTVJ" failures="0" tests="2" name="tests.InitialTest" time="8.870" errors="0" timestamp="2020-11-03T13:39:11 IST" skipped="0">
  <testcase classname="tests.InitialTest" name="testSearchFunctionality" time="7.377"/>
  <system-out/>
  <testcase classname="tests.InitialTest" name="testBasicHomePageDataValidation" time="1.493"/>
  <system-out/>
</testsuite> <!-- tests.InitialTest -->
